#
# There is insufficient memory for the Java Runtime Environment to continue.
# Native memory allocation (malloc) failed to allocate 1688496 bytes for Chunk::new
# Possible reasons:
#   The system is out of physical RAM or swap space
#   In 32 bit mode, the process size limit was hit
# Possible solutions:
#   Reduce memory load on the system
#   Increase physical memory or swap space
#   Check if swap backing store is full
#   Use 64 bit Java on a 64 bit OS
#   Decrease Java heap size (-Xmx/-Xms)
#   Decrease number of Java threads
#   Decrease Java thread stack sizes (-Xss)
#   Set larger code cache with -XX:ReservedCodeCacheSize=
# This output file may be truncated or incomplete.
#
#  Out of Memory Error (allocation.cpp:390), pid=4440, tid=0x0000000000001da4
#
# JRE version: OpenJDK Runtime Environment (8.0_152-b01) (build 1.8.0_152-release-1343-b01)
# Java VM: OpenJDK 64-Bit Server VM (25.152-b01 mixed mode windows-amd64 compressed oops)
# Failed to write core dump. Minidumps are not enabled by default on client versions of Windows
#

---------------  T H R E A D  ---------------

Current thread (0x00000000184bc800):  JavaThread "C2 CompilerThread0" daemon [_thread_in_native, id=7588, stack(0x0000000018c90000,0x0000000018d90000)]

Stack: [0x0000000018c90000,0x0000000018d90000]
[error occurred during error reporting (printing stack bounds), id 0xc0000005]

Native frames: (J=compiled Java code, j=interpreted, Vv=VM code, C=native code)


Current CompileTask:
C2:4093474 29612 % !   4       com.android.ide.common.symbols.SymbolIo::exportToJava @ 35 (814 bytes)


---------------  P R O C E S S  ---------------

Java Threads: ( => current thread )
  0x000000002eee7000 JavaThread "ForkJoinPool.commonPool-worker-2" daemon [_thread_blocked, id=14400, stack(0x0000000072a70000,0x0000000072b70000)]
  0x000000002eeee000 JavaThread "stdout" [_thread_in_native, id=12000, stack(0x0000000072970000,0x0000000072a70000)]
  0x000000002eeeb000 JavaThread "stderr" [_thread_in_native, id=13900, stack(0x0000000072870000,0x0000000072970000)]
  0x000000002eee9800 JavaThread "pool-108-thread-1" [_thread_blocked, id=14200, stack(0x0000000072770000,0x0000000072870000)]
  0x000000002eeed000 JavaThread "Cache worker for execution history cache (C:\newProjects\EverSimple\.gradle\5.1.1\executionHistory)" [_thread_blocked, id=14344, stack(0x0000000072670000,0x0000000072770000)]
  0x000000002eee5800 JavaThread "Execution worker for ':' Thread 7" [_thread_blocked, id=12024, stack(0x0000000072570000,0x0000000072670000)]
  0x000000002eee3800 JavaThread "Execution worker for ':' Thread 6" [_thread_blocked, id=4244, stack(0x0000000072470000,0x0000000072570000)]
  0x000000002eee6800 JavaThread "Execution worker for ':' Thread 5" [_thread_blocked, id=10160, stack(0x0000000072370000,0x0000000072470000)]
  0x000000002eee8800 JavaThread "Execution worker for ':' Thread 4" [_thread_blocked, id=13176, stack(0x0000000072270000,0x0000000072370000)]
  0x000000002eee8000 JavaThread "Execution worker for ':' Thread 3" [_thread_blocked, id=18364, stack(0x0000000072170000,0x0000000072270000)]
  0x000000002eed9800 JavaThread "Execution worker for ':' Thread 2" [_thread_blocked, id=16276, stack(0x0000000072070000,0x0000000072170000)]
  0x000000002eed8800 JavaThread "Execution worker for ':'" [_thread_blocked, id=14360, stack(0x0000000071f70000,0x0000000072070000)]
  0x000000002eed2000 JavaThread "Cache worker for file content cache (C:\newProjects\EverSimple\.gradle\5.1.1\fileContent)" [_thread_blocked, id=12620, stack(0x0000000071e70000,0x0000000071f70000)]
  0x000000002eed6800 JavaThread "Cache worker for Build Output Cleanup Cache (C:\newProjects\EverSimple\.gradle\buildOutputCleanup)" [_thread_blocked, id=7140, stack(0x0000000071d70000,0x0000000071e70000)]
  0x000000002eed5000 JavaThread "pool-107-thread-1" [_thread_blocked, id=18808, stack(0x0000000071c70000,0x0000000071d70000)]
  0x000000002eed4000 JavaThread "Build operations Thread 8" [_thread_blocked, id=14968, stack(0x0000000071b70000,0x0000000071c70000)]
  0x000000002eed2800 JavaThread "Build operations Thread 7" [_thread_blocked, id=4444, stack(0x0000000071a70000,0x0000000071b70000)]
  0x000000002eeca800 JavaThread "Build operations Thread 6" [_thread_blocked, id=11288, stack(0x0000000071970000,0x0000000071a70000)]
  0x000000002eed1000 JavaThread "Build operations Thread 5" [_thread_blocked, id=18468, stack(0x0000000071870000,0x0000000071970000)]
  0x000000002eecd800 JavaThread "Build operations Thread 4" [_thread_blocked, id=1856, stack(0x0000000071770000,0x0000000071870000)]
  0x000000002eecb000 JavaThread "Build operations Thread 3" [_thread_blocked, id=18776, stack(0x0000000071670000,0x0000000071770000)]
  0x000000002eed0800 JavaThread "Build operations Thread 2" [_thread_blocked, id=15784, stack(0x0000000071570000,0x0000000071670000)]
  0x000000002eecc800 JavaThread "Build operations" [_thread_blocked, id=16656, stack(0x0000000071470000,0x0000000071570000)]
  0x000000002eecf800 JavaThread "Cache worker for cache directory md-rule (C:\Users\Gokul\.gradle\caches\5.1.1\md-rule)" [_thread_blocked, id=19048, stack(0x0000000071370000,0x0000000071470000)]
  0x000000002eecc000 JavaThread "Cache worker for cache directory md-supplier (C:\Users\Gokul\.gradle\caches\5.1.1\md-supplier)" [_thread_blocked, id=15092, stack(0x0000000071270000,0x0000000071370000)]
  0x000000002eecf000 JavaThread "Cache worker for file hash cache (C:\newProjects\EverSimple\.gradle\5.1.1\fileHashes)" [_thread_blocked, id=17644, stack(0x0000000071170000,0x0000000071270000)]
  0x000000002037b000 JavaThread "Thread-621" [_thread_blocked, id=8024, stack(0x0000000071070000,0x0000000071170000)]
  0x0000000020379800 JavaThread "Stdin handler" [_thread_blocked, id=5724, stack(0x0000000070f70000,0x0000000071070000)]
  0x0000000020378800 JavaThread "Asynchronous log dispatcher for DefaultDaemonConnection: socket connection from /127.0.0.1:62344 to /127.0.0.1:65352" [_thread_blocked, id=2908, stack(0x0000000070e70000,0x0000000070f70000)]
  0x0000000020375000 JavaThread "Daemon worker Thread 19" [_thread_blocked, id=18956, stack(0x0000000070d70000,0x0000000070e70000)]
  0x000000002036d800 JavaThread "Cancel handler" [_thread_blocked, id=13356, stack(0x0000000070c70000,0x0000000070d70000)]
  0x0000000020372000 JavaThread "Handler for socket connection from /127.0.0.1:62344 to /127.0.0.1:65352" [_thread_in_native, id=13468, stack(0x0000000070b70000,0x0000000070c70000)]
  0x000000002036c800 JavaThread "Daemon Thread 19" [_thread_blocked, id=4920, stack(0x0000000070a70000,0x0000000070b70000)]
  0x000000001d103000 JavaThread "Cache worker for Java compile cache (C:\Users\Gokul\.gradle\caches\5.1.1\javaCompile)" [_thread_blocked, id=10560, stack(0x0000000033270000,0x0000000033370000)]
  0x0000000020370800 JavaThread "Cache worker for file content cache (C:\Users\Gokul\.gradle\caches\5.1.1\fileContent)" [_thread_blocked, id=10208, stack(0x00000000248d0000,0x00000000249d0000)]
  0x000000002036f000 JavaThread "Memory manager" [_thread_blocked, id=4532, stack(0x00000000247d0000,0x00000000248d0000)]
  0x000000001a883000 JavaThread "Cache worker for execution history cache (C:\Users\Gokul\.gradle\caches\5.1.1\executionHistory)" [_thread_blocked, id=12560, stack(0x0000000020c70000,0x0000000020d70000)]
  0x000000001a887800 JavaThread "Cache worker for journal cache (C:\Users\Gokul\.gradle\caches\journal-1)" [_thread_blocked, id=12368, stack(0x000000001bee0000,0x000000001bfe0000)]
  0x000000001a6da000 JavaThread "File lock request listener" [_thread_in_native, id=12760, stack(0x000000001bde0000,0x000000001bee0000)]
  0x000000001a660800 JavaThread "Cache worker for file hash cache (C:\Users\Gokul\.gradle\caches\5.1.1\fileHashes)" [_thread_blocked, id=14364, stack(0x000000001bce0000,0x000000001bde0000)]
  0x000000001a198800 JavaThread "Daemon periodic checks" [_thread_blocked, id=18052, stack(0x000000001b1e0000,0x000000001b2e0000)]
  0x000000001a176800 JavaThread "Incoming local TCP Connector on port 62344" [_thread_in_native, id=18768, stack(0x000000001afa0000,0x000000001b0a0000)]
  0x000000001855b800 JavaThread "Service Thread" daemon [_thread_blocked, id=3908, stack(0x0000000019090000,0x0000000019190000)]
  0x00000000184cc000 JavaThread "C1 CompilerThread3" daemon [_thread_blocked, id=3772, stack(0x0000000018f90000,0x0000000019090000)]
  0x00000000184c4800 JavaThread "C2 CompilerThread2" daemon [_thread_blocked, id=15016, stack(0x0000000018e90000,0x0000000018f90000)]
  0x00000000184c2800 JavaThread "C2 CompilerThread1" daemon [_thread_blocked, id=18720, stack(0x0000000018d90000,0x0000000018e90000)]
=>0x00000000184bc800 JavaThread "C2 CompilerThread0" daemon [_thread_in_native, id=7588, stack(0x0000000018c90000,0x0000000018d90000)]
  0x00000000184b8800 JavaThread "Attach Listener" daemon [_thread_blocked, id=18184, stack(0x0000000018b90000,0x0000000018c90000)]
  0x00000000184b7800 JavaThread "Signal Dispatcher" daemon [_thread_blocked, id=4524, stack(0x0000000018a90000,0x0000000018b90000)]
  0x00000000027f9800 JavaThread "Finalizer" daemon [_thread_blocked, id=6496, stack(0x0000000018890000,0x0000000018990000)]
  0x00000000027f6000 JavaThread "Reference Handler" daemon [_thread_blocked, id=15000, stack(0x0000000018390000,0x0000000018490000)]
  0x0000000002702800 JavaThread "main" [_thread_blocked, id=2988, stack(0x00000000025a0000,0x00000000026a0000)]

Other Threads:
  0x00000000165b6800 VMThread [stack: 0x0000000018290000,0x0000000018390000] [id=5340]
  0x00000000184e4000 WatcherThread [stack: 0x0000000019190000,0x0000000019290000] [id=16460]

VM state:not at safepoint (normal execution)

VM Mutex/Monitor currently owned by a thread: None

Heap:
 PSYoungGen      total 427008K, used 289722K [0x00000000e0000000, 0x00000000fe300000, 0x0000000100000000)
  eden space 385024K, 70% used [0x00000000e0000000,0x00000000f0a274f0,0x00000000f7800000)
  from space 41984K, 40% used [0x00000000fba00000,0x00000000fcac7530,0x00000000fe300000)
  to   space 54784K, 0% used [0x00000000f7800000,0x00000000f7800000,0x00000000fad80000)
 ParOldGen       total 391168K, used 79777K [0x00000000a0000000, 0x00000000b7e00000, 0x00000000e0000000)
  object space 391168K, 20% used [0x00000000a0000000,0x00000000a4de8448,0x00000000b7e00000)
 Metaspace       used 100606K, capacity 107080K, committed 107264K, reserved 1142784K
  class space    used 12477K, capacity 13540K, committed 13568K, reserved 1048576K

Card table byte_map: [0x0000000011bc0000,0x0000000011ed0000] byte_map_base: 0x00000000116c0000

Marking Bits: (ParMarkBitMap*) 0x0000000076ed5aa0
 Begin Bits: [0x00000000128d0000, 0x00000000140d0000)
 End Bits:   [0x00000000140d0000, 0x00000000158d0000)

Polling page: 0x0000000000d20000

CodeCache: size=245760Kb used=81397Kb max_used=81412Kb free=164362Kb
 bounds [0x0000000002800000, 0x0000000007810000, 0x0000000011800000]
 total_blobs=23045 nmethods=22136 adapters=819
 compilation: enabled

Compilation events (10 events):
Event: 4093.329 Thread 0x00000000184cc000 29613       3       com.sun.org.apache.xerces.internal.impl.msg.XMLMessageFormatter::<init> (15 bytes)
Event: 4093.330 Thread 0x00000000184cc000 nmethod 29613 0x0000000007790b10 code [0x0000000007790c60, 0x0000000007790e30]
Event: 4093.330 Thread 0x00000000184cc000 29614       3       com.sun.org.apache.xerces.internal.util.XMLAttributesImpl::setURI (14 bytes)
Event: 4093.330 Thread 0x00000000184cc000 nmethod 29614 0x0000000003cfc490 code [0x0000000003cfc600, 0x0000000003cfc790]
Event: 4093.334 Thread 0x00000000184cc000 29615   !   3       org.gradle.internal.logging.services.DefaultLoggingManager::stop (189 bytes)
Event: 4093.335 Thread 0x00000000184cc000 nmethod 29615 0x000000000779a490 code [0x000000000779a7a0, 0x000000000779c0e8]
Event: 4093.347 Thread 0x00000000184c4800 29616  s    4       java.io.FileDescriptor::attach (73 bytes)
Event: 4093.350 Thread 0x00000000184c4800 nmethod 29616 0x00000000073036d0 code [0x0000000007303840, 0x0000000007303c78]
Event: 4093.356 Thread 0x00000000184c2800 29617       4       org.gradle.internal.snapshot.MerkleDirectorySnapshotBuilder::postVisitDirectory (200 bytes)
Event: 4093.381 Thread 0x00000000184c2800 nmethod 29617 0x00000000077e2e10 code [0x00000000077e3080, 0x00000000077e3ff0]

GC Heap History (10 events):
Event: 2975.564 GC heap before
{Heap before GC invocations=38 (full 4):
 PSYoungGen      total 474112K, used 443377K [0x00000000e0000000, 0x0000000100000000, 0x0000000100000000)
  eden space 428544K, 100% used [0x00000000e0000000,0x00000000fa280000,0x00000000fa280000)
  from space 45568K, 32% used [0x00000000fa280000,0x00000000fb0fc6e8,0x00000000fcf00000)
  to   space 45056K, 0% used [0x00000000fd400000,0x00000000fd400000,0x0000000100000000)
 ParOldGen       total 391168K, used 69444K [0x00000000a0000000, 0x00000000b7e00000, 0x00000000e0000000)
  object space 391168K, 17% used [0x00000000a0000000,0x00000000a43d1248,0x00000000b7e00000)
 Metaspace       used 99594K, capacity 105926K, committed 106240K, reserved 1142784K
  class space    used 12446K, capacity 13493K, committed 13568K, reserved 1048576K
Event: 2975.581 GC heap after
Heap after GC invocations=38 (full 4):
 PSYoungGen      total 475136K, used 16509K [0x00000000e0000000, 0x00000000ffc80000, 0x0000000100000000)
  eden space 433664K, 0% used [0x00000000e0000000,0x00000000e0000000,0x00000000fa780000)
  from space 41472K, 39% used [0x00000000fd400000,0x00000000fe41f4c0,0x00000000ffc80000)
  to   space 43520K, 0% used [0x00000000fa780000,0x00000000fa780000,0x00000000fd200000)
 ParOldGen       total 391168K, used 69452K [0x00000000a0000000, 0x00000000b7e00000, 0x00000000e0000000)
  object space 391168K, 17% used [0x00000000a0000000,0x00000000a43d3248,0x00000000b7e00000)
 Metaspace       used 99594K, capacity 105926K, committed 106240K, reserved 1142784K
  class space    used 12446K, capacity 13493K, committed 13568K, reserved 1048576K
}
Event: 3373.434 GC heap before
{Heap before GC invocations=39 (full 4):
 PSYoungGen      total 475136K, used 450173K [0x00000000e0000000, 0x00000000ffc80000, 0x0000000100000000)
  eden space 433664K, 100% used [0x00000000e0000000,0x00000000fa780000,0x00000000fa780000)
  from space 41472K, 39% used [0x00000000fd400000,0x00000000fe41f4c0,0x00000000ffc80000)
  to   space 43520K, 0% used [0x00000000fa780000,0x00000000fa780000,0x00000000fd200000)
 ParOldGen       total 391168K, used 69452K [0x00000000a0000000, 0x00000000b7e00000, 0x00000000e0000000)
  object space 391168K, 17% used [0x00000000a0000000,0x00000000a43d3248,0x00000000b7e00000)
 Metaspace       used 100026K, capacity 106466K, committed 106752K, reserved 1142784K
  class space    used 12472K, capacity 13535K, committed 13568K, reserved 1048576K
Event: 3373.458 GC heap after
Heap after GC invocations=39 (full 4):
 PSYoungGen      total 464384K, used 43515K [0x00000000e0000000, 0x00000000ffe00000, 0x0000000100000000)
  eden space 420864K, 0% used [0x00000000e0000000,0x00000000e0000000,0x00000000f9b00000)
  from space 43520K, 99% used [0x00000000fa780000,0x00000000fd1fefa0,0x00000000fd200000)
  to   space 45056K, 0% used [0x00000000fd200000,0x00000000fd200000,0x00000000ffe00000)
 ParOldGen       total 391168K, used 72093K [0x00000000a0000000, 0x00000000b7e00000, 0x00000000e0000000)
  object space 391168K, 18% used [0x00000000a0000000,0x00000000a46674e8,0x00000000b7e00000)
 Metaspace       used 100026K, capacity 106466K, committed 106752K, reserved 1142784K
  class space    used 12472K, capacity 13535K, committed 13568K, reserved 1048576K
}
Event: 3689.366 GC heap before
{Heap before GC invocations=40 (full 4):
 PSYoungGen      total 464384K, used 464379K [0x00000000e0000000, 0x00000000ffe00000, 0x0000000100000000)
  eden space 420864K, 100% used [0x00000000e0000000,0x00000000f9b00000,0x00000000f9b00000)
  from space 43520K, 99% used [0x00000000fa780000,0x00000000fd1fefa0,0x00000000fd200000)
  to   space 45056K, 0% used [0x00000000fd200000,0x00000000fd200000,0x00000000ffe00000)
 ParOldGen       total 391168K, used 72093K [0x00000000a0000000, 0x00000000b7e00000, 0x00000000e0000000)
  object space 391168K, 18% used [0x00000000a0000000,0x00000000a46674e8,0x00000000b7e00000)
 Metaspace       used 100227K, capacity 106624K, committed 106752K, reserved 1142784K
  class space    used 12475K, capacity 13540K, committed 13568K, reserved 1048576K
Event: 3689.399 GC heap after
Heap after GC invocations=40 (full 4):
 PSYoungGen      total 452608K, used 45054K [0x00000000e0000000, 0x0000000100000000, 0x0000000100000000)
  eden space 407552K, 0% used [0x00000000e0000000,0x00000000e0000000,0x00000000f8e00000)
  from space 45056K, 99% used [0x00000000fd200000,0x00000000ffdffb08,0x00000000ffe00000)
  to   space 58368K, 0% used [0x00000000f8e00000,0x00000000f8e00000,0x00000000fc700000)
 ParOldGen       total 391168K, used 79505K [0x00000000a0000000, 0x00000000b7e00000, 0x00000000e0000000)
  object space 391168K, 20% used [0x00000000a0000000,0x00000000a4da4438,0x00000000b7e00000)
 Metaspace       used 100227K, capacity 106624K, committed 106752K, reserved 1142784K
  class space    used 12475K, capacity 13540K, committed 13568K, reserved 1048576K
}
Event: 3800.174 GC heap before
{Heap before GC invocations=41 (full 4):
 PSYoungGen      total 452608K, used 452606K [0x00000000e0000000, 0x0000000100000000, 0x0000000100000000)
  eden space 407552K, 100% used [0x00000000e0000000,0x00000000f8e00000,0x00000000f8e00000)
  from space 45056K, 99% used [0x00000000fd200000,0x00000000ffdffb08,0x00000000ffe00000)
  to   space 58368K, 0% used [0x00000000f8e00000,0x00000000f8e00000,0x00000000fc700000)
 ParOldGen       total 391168K, used 79505K [0x00000000a0000000, 0x00000000b7e00000, 0x00000000e0000000)
  object space 391168K, 20% used [0x00000000a0000000,0x00000000a4da4438,0x00000000b7e00000)
 Metaspace       used 100417K, capacity 106944K, committed 107008K, reserved 1142784K
  class space    used 12476K, capacity 13540K, committed 13568K, reserved 1048576K
Event: 3800.203 GC heap after
Heap after GC invocations=41 (full 4):
 PSYoungGen      total 417280K, used 20684K [0x00000000e0000000, 0x00000000ff100000, 0x0000000100000000)
  eden space 396288K, 0% used [0x00000000e0000000,0x00000000e0000000,0x00000000f8300000)
  from space 20992K, 98% used [0x00000000f8e00000,0x00000000fa2331e8,0x00000000fa280000)
  to   space 56320K, 0% used [0x00000000fba00000,0x00000000fba00000,0x00000000ff100000)
 ParOldGen       total 391168K, used 79769K [0x00000000a0000000, 0x00000000b7e00000, 0x00000000e0000000)
  object space 391168K, 20% used [0x00000000a0000000,0x00000000a4de6448,0x00000000b7e00000)
 Metaspace       used 100417K, capacity 106944K, committed 107008K, reserved 1142784K
  class space    used 12476K, capacity 13540K, committed 13568K, reserved 1048576K
}
Event: 3977.641 GC heap before
{Heap before GC invocations=42 (full 4):
 PSYoungGen      total 417280K, used 416972K [0x00000000e0000000, 0x00000000ff100000, 0x0000000100000000)
  eden space 396288K, 100% used [0x00000000e0000000,0x00000000f8300000,0x00000000f8300000)
  from space 20992K, 98% used [0x00000000f8e00000,0x00000000fa2331e8,0x00000000fa280000)
  to   space 56320K, 0% used [0x00000000fba00000,0x00000000fba00000,0x00000000ff100000)
 ParOldGen       total 391168K, used 79769K [0x00000000a0000000, 0x00000000b7e00000, 0x00000000e0000000)
  object space 391168K, 20% used [0x00000000a0000000,0x00000000a4de6448,0x00000000b7e00000)
 Metaspace       used 100554K, capacity 107076K, committed 107264K, reserved 1142784K
  class space    used 12476K, capacity 13540K, committed 13568K, reserved 1048576K
Event: 3977.661 GC heap after
Heap after GC invocations=42 (full 4):
 PSYoungGen      total 427008K, used 17181K [0x00000000e0000000, 0x00000000fe300000, 0x0000000100000000)
  eden space 385024K, 0% used [0x00000000e0000000,0x00000000e0000000,0x00000000f7800000)
  from space 41984K, 40% used [0x00000000fba00000,0x00000000fcac7530,0x00000000fe300000)
  to   space 54784K, 0% used [0x00000000f7800000,0x00000000f7800000,0x00000000fad80000)
 ParOldGen       total 391168K, used 79777K [0x00000000a0000000, 0x00000000b7e00000, 0x00000000e0000000)
  object space 391168K, 20% used [0x00000000a0000000,0x00000000a4de8448,0x00000000b7e00000)
 Metaspace       used 100554K, capacity 107076K, committed 107264K, reserved 1142784K
  class space    used 12476K, capacity 13540K, committed 13568K, reserved 1048576K
}

Deoptimization events (10 events):
Event: 3689.354 Thread 0x000000002eed5000 Uncommon trap: reason=unstable_if action=reinterpret pc=0x0000000004d63bfc method=com.sun.tools.javac.jvm.ClassWriter.adjustFlags(J)I @ 88
Event: 3689.407 Thread 0x000000002eed5000 Uncommon trap: reason=class_check action=maybe_recompile pc=0x000000000732f4ec method=com.sun.tools.javac.comp.Check.checkType(Lcom/sun/tools/javac/util/JCDiagnostic$DiagnosticPosition;Lcom/sun/tools/javac/code/Type;Lcom/sun/tools/javac/code/Type;Lcom/sun
Event: 3799.231 Thread 0x000000002eecc000 Uncommon trap: reason=class_check action=maybe_recompile pc=0x0000000006e6edf0 method=com.google.common.collect.AbstractListMultimap.get(Ljava/lang/Object;)Ljava/util/List; @ 5
Event: 3799.231 Thread 0x000000002eecc000 Uncommon trap: reason=class_check action=maybe_recompile pc=0x0000000006e6edf0 method=com.google.common.collect.AbstractListMultimap.get(Ljava/lang/Object;)Ljava/util/List; @ 5
Event: 3799.231 Thread 0x000000002eecc000 Uncommon trap: reason=class_check action=maybe_recompile pc=0x0000000006e6edf0 method=com.google.common.collect.AbstractListMultimap.get(Ljava/lang/Object;)Ljava/util/List; @ 5
Event: 3799.231 Thread 0x000000002eecc000 Uncommon trap: reason=class_check action=maybe_recompile pc=0x0000000006e6edf0 method=com.google.common.collect.AbstractListMultimap.get(Ljava/lang/Object;)Ljava/util/List; @ 5
Event: 3799.624 Thread 0x000000002eecc000 Uncommon trap: reason=bimorphic action=maybe_recompile pc=0x000000000722da90 method=com.sun.tools.javac.comp.Attr.attribLazyConstantValue(Lcom/sun/tools/javac/comp/Env;Lcom/sun/tools/javac/tree/JCTree$JCVariableDecl;Lcom/sun/tools/javac/code/Type;)Ljava/l
Event: 3799.649 Thread 0x000000002eecc000 Uncommon trap: reason=class_check action=maybe_recompile pc=0x0000000006e01534 method=com.sun.tools.javac.comp.Attr$TypeAnnotationsValidator.validateAnnotatedType(Lcom/sun/tools/javac/tree/JCTree;Lcom/sun/tools/javac/code/Type;)V @ 89
Event: 3800.629 Thread 0x0000000020372000 Uncommon trap: reason=unstable_if action=reinterpret pc=0x00000000039683ec method=java.util.concurrent.ForkJoinPool.signalWork([Ljava/util/concurrent/ForkJoinPool$WorkQueue;Ljava/util/concurrent/ForkJoinPool$WorkQueue;)V @ 133
Event: 3974.502 Thread 0x000000001fdde000 Uncommon trap: reason=unstable_if action=reinterpret pc=0x00000000044efd10 method=org.gradle.internal.logging.sink.OutputEventRenderer.onOutput(Lorg/gradle/internal/logging/events/OutputEvent;)V @ 24

Classes redefined (0 events):
No events

Internal exceptions (10 events):
Event: 3881.510 Thread 0x000000001fde1800 Exception <a 'sun/nio/fs/WindowsException'> (0x00000000f2250b68) thrown at [D:\src\AOSP-openjdk-cygwin\jdk8u\hotspot\src\share\vm\prims\jni.cpp, line 709]
Event: 3881.544 Thread 0x000000001fdea000 Exception <a 'sun/nio/fs/WindowsException'> (0x00000000f2fa7458) thrown at [D:\src\AOSP-openjdk-cygwin\jdk8u\hotspot\src\share\vm\prims\jni.cpp, line 709]
Event: 3974.565 Thread 0x000000001fddd000 Exception <a 'sun/nio/fs/WindowsException'> (0x00000000f4548b10) thrown at [D:\src\AOSP-openjdk-cygwin\jdk8u\hotspot\src\share\vm\prims\jni.cpp, line 709]
Event: 3974.568 Thread 0x000000001fddd000 Exception <a 'sun/nio/fs/WindowsException'> (0x00000000f45555d0) thrown at [D:\src\AOSP-openjdk-cygwin\jdk8u\hotspot\src\share\vm\prims\jni.cpp, line 709]
Event: 3978.267 Thread 0x000000002eeeb000 Exception <a 'sun/nio/fs/WindowsException'> (0x00000000e674f098) thrown at [D:\src\AOSP-openjdk-cygwin\jdk8u\hotspot\src\share\vm\prims\jni.cpp, line 709]
Event: 3978.303 Thread 0x000000002eeeb000 Exception <a 'sun/nio/fs/WindowsException'> (0x00000000e6f57d08) thrown at [D:\src\AOSP-openjdk-cygwin\jdk8u\hotspot\src\share\vm\prims\jni.cpp, line 709]
Event: 3978.410 Thread 0x000000002eee8000 Exception <a 'sun/nio/fs/WindowsException'> (0x00000000e77f8998) thrown at [D:\src\AOSP-openjdk-cygwin\jdk8u\hotspot\src\share\vm\prims\jni.cpp, line 709]
Event: 3978.448 Thread 0x000000002eee7000 Exception <a 'sun/nio/fs/WindowsException'> (0x00000000e856d7f8) thrown at [D:\src\AOSP-openjdk-cygwin\jdk8u\hotspot\src\share\vm\prims\jni.cpp, line 709]
Event: 4089.107 Thread 0x0000000020375000 Exception <a 'sun/nio/fs/WindowsException'> (0x00000000e9bc9638) thrown at [D:\src\AOSP-openjdk-cygwin\jdk8u\hotspot\src\share\vm\prims\jni.cpp, line 709]
Event: 4089.108 Thread 0x0000000020375000 Exception <a 'sun/nio/fs/WindowsException'> (0x00000000e9c08bc0) thrown at [D:\src\AOSP-openjdk-cygwin\jdk8u\hotspot\src\share\vm\prims\jni.cpp, line 709]

Events (10 events):
Event: 4093.190 Thread 0x000000002eee3800 DEOPT UNPACKING pc=0x00000000028475d0 sp=0x000000007256bfe0 mode 0
Event: 4093.195 Thread 0x000000002eee3800 DEOPT PACKING pc=0x0000000006b0d154 sp=0x000000007256c240
Event: 4093.195 Thread 0x000000002eee3800 DEOPT UNPACKING pc=0x00000000028475d0 sp=0x000000007256bfe0 mode 0
Event: 4093.225 Thread 0x000000002eee3800 DEOPT PACKING pc=0x00000000066f0a62 sp=0x000000007256c250
Event: 4093.225 Thread 0x000000002eee3800 DEOPT UNPACKING pc=0x00000000028475d0 sp=0x000000007256c0c8 mode 0
Event: 4093.236 Thread 0x000000002eee3800 DEOPT PACKING pc=0x00000000066f0a62 sp=0x000000007256c250
Event: 4093.236 Thread 0x000000002eee3800 DEOPT UNPACKING pc=0x00000000028475d0 sp=0x000000007256c0c8 mode 0
Event: 4093.317 Thread 0x000000002eee3800 DEOPT PACKING pc=0x00000000067109e0 sp=0x000000007256c250
Event: 4093.317 Thread 0x000000002eee3800 DEOPT UNPACKING pc=0x00000000028475d0 sp=0x000000007256c0e0 mode 0
Event: 4093.404 Thread 0x000000002eee7000 Thread added: 0x000000002eee7000


Dynamic libraries:
0x00007ff7faea0000 - 0x00007ff7faed1000 	C:\Program Files\Android\Android Studio\jre\bin\java.exe
0x00007ffdcc4b0000 - 0x00007ffdcc69d000 	C:\WINDOWS\SYSTEM32\ntdll.dll
0x00007ffdc9870000 - 0x00007ffdc9923000 	C:\WINDOWS\System32\KERNEL32.DLL
0x00007ffdc92e0000 - 0x00007ffdc9573000 	C:\WINDOWS\System32\KERNELBASE.dll
0x00007ffdcac20000 - 0x00007ffdcacc3000 	C:\WINDOWS\System32\ADVAPI32.dll
0x00007ffdc9dd0000 - 0x00007ffdc9e6e000 	C:\WINDOWS\System32\msvcrt.dll
0x00007ffdcacd0000 - 0x00007ffdcad6e000 	C:\WINDOWS\System32\sechost.dll
0x00007ffdcae60000 - 0x00007ffdcaf82000 	C:\WINDOWS\System32\RPCRT4.dll
0x00007ffdca290000 - 0x00007ffdca427000 	C:\WINDOWS\System32\USER32.dll
0x00007ffdc96a0000 - 0x00007ffdc96c0000 	C:\WINDOWS\System32\win32u.dll
0x00007ffdca430000 - 0x00007ffdca459000 	C:\WINDOWS\System32\GDI32.dll
0x00007ffdc8fb0000 - 0x00007ffdc914a000 	C:\WINDOWS\System32\gdi32full.dll
0x00007ffdc9580000 - 0x00007ffdc9620000 	C:\WINDOWS\System32\msvcp_win.dll
0x00007ffdc8580000 - 0x00007ffdc867a000 	C:\WINDOWS\System32\ucrtbase.dll
0x00007ffdb7630000 - 0x00007ffdb78a9000 	C:\WINDOWS\WinSxS\amd64_microsoft.windows.common-controls_6595b64144ccf1df_6.0.17763.557_none_05b63f68071e5b9f\COMCTL32.dll
0x00007ffdc9ee0000 - 0x00007ffdca20c000 	C:\WINDOWS\System32\combase.dll
0x00007ffdc9200000 - 0x00007ffdc927e000 	C:\WINDOWS\System32\bcryptPrimitives.dll
0x00007ffdcabf0000 - 0x00007ffdcac1e000 	C:\WINDOWS\System32\IMM32.DLL
0x00000000764c0000 - 0x0000000076592000 	C:\Program Files\Android\Android Studio\jre\jre\bin\msvcr100.dll
0x0000000076710000 - 0x0000000076f51000 	C:\Program Files\Android\Android Studio\jre\jre\bin\server\jvm.dll
0x00007ffdcae30000 - 0x00007ffdcae38000 	C:\WINDOWS\System32\PSAPI.DLL
0x00007ffdc1b80000 - 0x00007ffdc1b8a000 	C:\WINDOWS\SYSTEM32\VERSION.dll
0x00007ffdc5ef0000 - 0x00007ffdc5ef9000 	C:\WINDOWS\SYSTEM32\WSOCK32.dll
0x00007ffdc4bd0000 - 0x00007ffdc4bf4000 	C:\WINDOWS\SYSTEM32\WINMM.dll
0x00007ffdc9e70000 - 0x00007ffdc9edd000 	C:\WINDOWS\System32\WS2_32.dll
0x00007ffdc4ba0000 - 0x00007ffdc4bcd000 	C:\WINDOWS\SYSTEM32\WINMMBASE.dll
0x00007ffdc9620000 - 0x00007ffdc966a000 	C:\WINDOWS\System32\cfgmgr32.dll
0x00007ffdc5ee0000 - 0x00007ffdc5eef000 	C:\Program Files\Android\Android Studio\jre\jre\bin\verify.dll
0x00007ffdc4040000 - 0x00007ffdc4069000 	C:\Program Files\Android\Android Studio\jre\jre\bin\java.dll
0x00007ffdc35f0000 - 0x00007ffdc3606000 	C:\Program Files\Android\Android Studio\jre\jre\bin\zip.dll
0x00007ffdcaf90000 - 0x00007ffdcc480000 	C:\WINDOWS\System32\SHELL32.dll
0x00007ffdc9d20000 - 0x00007ffdc9dc8000 	C:\WINDOWS\System32\shcore.dll
0x00007ffdc8860000 - 0x00007ffdc8faa000 	C:\WINDOWS\System32\windows.storage.dll
0x00007ffdc8550000 - 0x00007ffdc8574000 	C:\WINDOWS\System32\profapi.dll
0x00007ffdc84f0000 - 0x00007ffdc854d000 	C:\WINDOWS\System32\powrprof.dll
0x00007ffdcad70000 - 0x00007ffdcadc2000 	C:\WINDOWS\System32\shlwapi.dll
0x00007ffdc84b0000 - 0x00007ffdc84c1000 	C:\WINDOWS\System32\kernel.appcore.dll
0x00007ffdc96c0000 - 0x00007ffdc96d7000 	C:\WINDOWS\System32\cryptsp.dll
0x00007ffdc35d0000 - 0x00007ffdc35ea000 	C:\Program Files\Android\Android Studio\jre\jre\bin\net.dll
0x00007ffdc7d30000 - 0x00007ffdc7d97000 	C:\WINDOWS\system32\mswsock.dll
0x00007ffdc3500000 - 0x00007ffdc3511000 	C:\Program Files\Android\Android Studio\jre\jre\bin\nio.dll
0x00007ffdc2610000 - 0x00007ffdc262e000 	C:\Users\Gokul\.gradle\native\25\windows-amd64\native-platform.dll
0x00007ffdc5100000 - 0x00007ffdc510d000 	C:\Program Files\Android\Android Studio\jre\jre\bin\management.dll
0x00007ffdc78f0000 - 0x00007ffdc7923000 	C:\WINDOWS\system32\rsaenh.dll
0x00007ffdc9670000 - 0x00007ffdc9696000 	C:\WINDOWS\System32\bcrypt.dll
0x00007ffdc83e0000 - 0x00007ffdc8408000 	C:\WINDOWS\SYSTEM32\USERENV.dll
0x00007ffdc7f00000 - 0x00007ffdc7f0c000 	C:\WINDOWS\SYSTEM32\CRYPTBASE.dll
0x00007ffdc7a90000 - 0x00007ffdc7acd000 	C:\WINDOWS\SYSTEM32\IPHLPAPI.DLL
0x00007ffdc9d10000 - 0x00007ffdc9d18000 	C:\WINDOWS\System32\NSI.dll
0x00007ffdc1ba0000 - 0x00007ffdc1bb6000 	C:\WINDOWS\SYSTEM32\dhcpcsvc6.DLL
0x00007ffdc0dc0000 - 0x00007ffdc0ddc000 	C:\WINDOWS\SYSTEM32\dhcpcsvc.DLL
0x00007ffdc7ad0000 - 0x00007ffdc7b96000 	C:\WINDOWS\SYSTEM32\DNSAPI.dll
0x00007ffdc1fe0000 - 0x00007ffdc2004000 	C:\Program Files\Android\Android Studio\jre\jre\bin\sunec.dll
0x00007ffdbd5b0000 - 0x00007ffdbd5ba000 	C:\Windows\System32\rasadhlp.dll
0x00007ffdbdec0000 - 0x00007ffdbdf39000 	C:\WINDOWS\System32\fwpuclnt.dll
0x00007ffdc4170000 - 0x00007ffdc417b000 	C:\Program Files\Android\Android Studio\jre\jre\bin\sunmscapi.dll
0x00007ffdc8680000 - 0x00007ffdc885b000 	C:\WINDOWS\System32\CRYPT32.dll
0x00007ffdc84d0000 - 0x00007ffdc84e2000 	C:\WINDOWS\System32\MSASN1.dll
0x00007ffdc76b0000 - 0x00007ffdc76e1000 	C:\WINDOWS\SYSTEM32\ntmarta.dll

VM Arguments:
jvm_args: -Xmx1536m -Dfile.encoding=windows-1252 -Duser.country=US -Duser.language=en -Duser.variant 
java_command: org.gradle.launcher.daemon.bootstrap.GradleDaemon 5.1.1
java_class_path (initial): C:\Users\Gokul\.gradle\wrapper\dists\gradle-5.1.1-all\97z1ksx6lirer3kbvdnh7jtjg\gradle-5.1.1\lib\gradle-launcher-5.1.1.jar
Launcher Type: SUN_STANDARD

Environment Variables:
PATH=C:\Python27\;C:\Python27\Scripts;C:\ProgramData\Boxstarter;C:\msys64\usr\bin;C:\ProgramData\chocolatey\bin;C:\Program Files (x86)\NVIDIA Corporation\PhysX\Common;C:\Program Files\NVIDIA Corporation\NVIDIA NvDLISR;C:\Program Files\Git\cmd;C:\Users\Gokul\AppData\Local\Programs\Python\Python35\Lib\site-packages;C:\Users\Gokul\AppData\Local\Programs\Python\Python35\Lib\site-packages\tensorflow;C:\Users\Gokul\AppData\Local\Programs\Python\Python35\;C:\Users\Gokul\AppData\Local\Programs\Python\Python35\Lib\site-packages\cv2;C:\Users\Gokul\AppData\Local\Programs\Python\Python35\Scripts\;C:\Program Files (x86)\Windows Kits\10\Windows Performance Toolkit\;;C:\WINDOWS\system32;C:\WINDOWS;C:\WINDOWS\System32\Wbem;C:\WINDOWS\System32\WindowsPowerShell\v1.0\;C:\WINDOWS\System32\OpenSSH\;C:\Program Files\nodejs\;C:\Users\Gokul\AppData\Local\Programs\Python\Python37-32\Scripts\;C:\Users\Gokul\AppData\Local\Programs\Python\Python37-32\;C:\Users\Gokul\AppData\Local\Programs\Python\Python35\Scripts\;C:\Users\Gokul\AppData\Local\Programs\Python\Python35\python.exe;C:\ProgramData\chocolatey\lib\msys2;C:\tools\msys64;C:\Program Files\Java\jdk-11.0.1\bin;C:\Program Files\JetBrains\PyCharm 2018.3.3\bin;C:\Users\Gokul\AppData\Local\Programs\Python\Python35\Lib\site-packages\tensorflow;C:\Users\Gokul\AppData\Local\Programs\Python\Python35\Lib\site-packages;C:\Users\Gokul\AppData\Local\Programs\Python\Python35\Lib\site-packages\cv2;C:\Users\Gokul\AppData\Local\Programs\Microsoft VS Code\bin;D:\Softwares I wont use much\Microsoft VS Code\bin;C:\Users\Gokul\AppData\Local\Android\Sdk\platform-tools;;C:\Users\Gokul\AppData\Local\Microsoft\WindowsApps;C:\Users\Gokul\AppData\Roaming\npm
USERNAME=Gokul
OS=Windows_NT
PROCESSOR_IDENTIFIER=Intel64 Family 6 Model 158 Stepping 9, GenuineIntel



---------------  S Y S T E M  ---------------

OS: Windows 10.0 , 64 bit Build 17763 (10.0.17763.475)

CPU:total 8 (initial active 8) (4 cores per cpu, 2 threads per core) family 6 model 158 stepping 9, cmov, cx8, fxsr, mmx, sse, sse2, sse3, ssse3, sse4.1, sse4.2, popcnt, avx, avx2, aes, clmul, erms, 3dnowpref, lzcnt, ht, tsc, tscinvbit, bmi1, bmi2, adx

Memory: 4k page, physical 16658020k(3680340k free), swap 16658020k(0k free)

vm_info: OpenJDK 64-Bit Server VM (25.152-b01) for windows-amd64 JRE (1.8.0_152-release-1343-b01), built by "builder" with MS VC++ 10.0 (VS2010)

time: Sat Jun 22 09:09:52 2019
elapsed time: 4093 seconds (0d 1h 8m 13s)

